┌──────────────────────────────────┐
│ SPT-AKI 1.5.1                    │
│ https://www.guilded.gg/senkospub │
│                                  │
│ This work is free of charge      │
│ Commercial use is prohibited     │
└──────────────────────────────────┘

Thanks everyone for enjoying our work and for your amazing support thorough the years!
We couldn't have done it without you.
- Senko-san

[ERROR] Trace:
Error: ENOENT: no such file or directory, scandir 'Aki_Data/Server/database/'
    at Object.readdirSync (fs.js:1021:3)
    at Object.readdirSync (F:\Games\eftSP\Server.exe:191:50)
    at Function.getFiles (F:\Games\eftSP\obj\bundle.js:53354:15)
    at Function.loadRecursive (F:\Games\eftSP\obj\bundle.js:52974:23)
    at Object.load [as aki-database] (F:\Games\eftSP\obj\bundle.js:52967:46)
    at Function.load (F:\Games\eftSP\obj\bundle.js:52921:27)
    at Function.main (F:\Games\eftSP\obj\bundle.js:42371:9)
    at Object.161../Lib.js (F:\Games\eftSP\obj\bundle.js:42376:9)
    at o (F:\Games\eftSP\obj\bundle.js:1:265)
    at F:\Games\eftSP\obj\bundle.js:1:316 {
  errno: -4058,
  syscall: 'scandir',
  code: 'ENOENT',
  path: 'Aki_Data/Server/database/'
}
